nohup: ignoring input
2026-07-11 18:09:49,878 | INFO | overnight_sweep | ======================================================================
2026-07-11 18:09:49,878 | INFO | overnight_sweep | Overnight sweep starting
2026-07-11 18:09:49,878 | INFO | overnight_sweep | betas (5): [1.0, 1.375, 1.75, 2.125, 2.5]
2026-07-11 18:09:49,878 | INFO | overnight_sweep | temps (5): [10.0, 11.25, 12.5, 13.75, 15.0]
2026-07-11 18:09:49,878 | INFO | overnight_sweep | total configs: 25  |  strategies per config: 5  |  total generation runs: 125
2026-07-11 18:09:49,878 | INFO | overnight_sweep | GPUs: [1, 2, 3, 4, 5, 6, 7]
2026-07-11 18:09:49,878 | INFO | overnight_sweep | output root: /LAB/swiss_no_th/swiss-knife-no-threshold/Swiss-Knife/runs/overnight_sweep
2026-07-11 18:09:49,878 | INFO | overnight_sweep | ======================================================================
2026-07-11 18:09:49,878 | INFO | overnight_sweep | Scheduling 25 configs across 7 GPUs ([1, 2, 3, 4, 5, 6, 7])
2026-07-11 18:09:49,879 | INFO | overnight_sweep | [GPU 1] START beta=1.0000 temp=10.0000 -> /LAB/swiss_no_th/swiss-knife-no-threshold/Swiss-Knife/runs/overnight_sweep/grid/beta1.0000_temp10.0000
2026-07-11 18:09:49,880 | INFO | overnight_sweep | [GPU 2] START beta=1.0000 temp=11.2500 -> /LAB/swiss_no_th/swiss-knife-no-threshold/Swiss-Knife/runs/overnight_sweep/grid/beta1.0000_temp11.2500
2026-07-11 18:09:49,882 | INFO | overnight_sweep | [GPU 3] START beta=1.0000 temp=12.5000 -> /LAB/swiss_no_th/swiss-knife-no-threshold/Swiss-Knife/runs/overnight_sweep/grid/beta1.0000_temp12.5000
2026-07-11 18:09:49,883 | INFO | overnight_sweep | [GPU 4] START beta=1.0000 temp=13.7500 -> /LAB/swiss_no_th/swiss-knife-no-threshold/Swiss-Knife/runs/overnight_sweep/grid/beta1.0000_temp13.7500
2026-07-11 18:09:49,885 | INFO | overnight_sweep | [GPU 5] START beta=1.0000 temp=15.0000 -> /LAB/swiss_no_th/swiss-knife-no-threshold/Swiss-Knife/runs/overnight_sweep/grid/beta1.0000_temp15.0000
2026-07-11 18:09:49,886 | INFO | overnight_sweep | [GPU 6] START beta=1.3750 temp=10.0000 -> /LAB/swiss_no_th/swiss-knife-no-threshold/Swiss-Knife/runs/overnight_sweep/grid/beta1.3750_temp10.0000
2026-07-11 18:09:49,888 | INFO | overnight_sweep | [GPU 7] START beta=1.3750 temp=11.2500 -> /LAB/swiss_no_th/swiss-knife-no-threshold/Swiss-Knife/runs/overnight_sweep/grid/beta1.3750_temp11.2500
2026-07-12 04:17:05,015 | INFO | overnight_sweep | [GPU 4] DONE beta=1.0000 temp=13.7500 in 36435.1s (rc=0) — log: /LAB/swiss_no_th/swiss-knife-no-threshold/Swiss-Knife/runs/overnight_sweep/grid/beta1.0000_temp13.7500/run.log
2026-07-12 04:17:05,015 | INFO | overnight_sweep | [GPU 4] START beta=1.3750 temp=12.5000 -> /LAB/swiss_no_th/swiss-knife-no-threshold/Swiss-Knife/runs/overnight_sweep/grid/beta1.3750_temp12.5000
2026-07-12 04:25:17,822 | INFO | overnight_sweep | [GPU 3] DONE beta=1.0000 temp=12.5000 in 36927.9s (rc=0) — log: /LAB/swiss_no_th/swiss-knife-no-threshold/Swiss-Knife/runs/overnight_sweep/grid/beta1.0000_temp12.5000/run.log
2026-07-12 04:25:17,823 | INFO | overnight_sweep | [GPU 3] START beta=1.3750 temp=13.7500 -> /LAB/swiss_no_th/swiss-knife-no-threshold/Swiss-Knife/runs/overnight_sweep/grid/beta1.3750_temp13.7500
2026-07-12 04:27:40,579 | INFO | overnight_sweep | [GPU 1] DONE beta=1.0000 temp=10.0000 in 37070.7s (rc=0) — log: /LAB/swiss_no_th/swiss-knife-no-threshold/Swiss-Knife/runs/overnight_sweep/grid/beta1.0000_temp10.0000/run.log
2026-07-12 04:27:40,580 | INFO | overnight_sweep | [GPU 1] START beta=1.3750 temp=15.0000 -> /LAB/swiss_no_th/swiss-knife-no-threshold/Swiss-Knife/runs/overnight_sweep/grid/beta1.3750_temp15.0000
2026-07-12 04:29:09,778 | INFO | overnight_sweep | [GPU 5] DONE beta=1.0000 temp=15.0000 in 37159.9s (rc=0) — log: /LAB/swiss_no_th/swiss-knife-no-threshold/Swiss-Knife/runs/overnight_sweep/grid/beta1.0000_temp15.0000/run.log
2026-07-12 04:29:09,779 | INFO | overnight_sweep | [GPU 5] START beta=1.7500 temp=10.0000 -> /LAB/swiss_no_th/swiss-knife-no-threshold/Swiss-Knife/runs/overnight_sweep/grid/beta1.7500_temp10.0000
2026-07-12 04:35:09,000 | INFO | overnight_sweep | [GPU 2] DONE beta=1.0000 temp=11.2500 in 37519.1s (rc=0) — log: /LAB/swiss_no_th/swiss-knife-no-threshold/Swiss-Knife/runs/overnight_sweep/grid/beta1.0000_temp11.2500/run.log
2026-07-12 04:35:09,001 | INFO | overnight_sweep | [GPU 2] START beta=1.7500 temp=11.2500 -> /LAB/swiss_no_th/swiss-knife-no-threshold/Swiss-Knife/runs/overnight_sweep/grid/beta1.7500_temp11.2500
2026-07-12 04:38:35,823 | INFO | overnight_sweep | [GPU 6] DONE beta=1.3750 temp=10.0000 in 37725.9s (rc=0) — log: /LAB/swiss_no_th/swiss-knife-no-threshold/Swiss-Knife/runs/overnight_sweep/grid/beta1.3750_temp10.0000/run.log
2026-07-12 04:38:35,824 | INFO | overnight_sweep | [GPU 6] START beta=1.7500 temp=12.5000 -> /LAB/swiss_no_th/swiss-knife-no-threshold/Swiss-Knife/runs/overnight_sweep/grid/beta1.7500_temp12.5000
2026-07-12 04:42:10,750 | INFO | overnight_sweep | [GPU 7] DONE beta=1.3750 temp=11.2500 in 37940.9s (rc=0) — log: /LAB/swiss_no_th/swiss-knife-no-threshold/Swiss-Knife/runs/overnight_sweep/grid/beta1.3750_temp11.2500/run.log
2026-07-12 04:42:10,750 | INFO | overnight_sweep | [GPU 7] START beta=1.7500 temp=13.7500 -> /LAB/swiss_no_th/swiss-knife-no-threshold/Swiss-Knife/runs/overnight_sweep/grid/beta1.7500_temp13.7500
2026-07-12 14:35:28,924 | INFO | overnight_sweep | [GPU 4] DONE beta=1.3750 temp=12.5000 in 37103.9s (rc=0) — log: /LAB/swiss_no_th/swiss-knife-no-threshold/Swiss-Knife/runs/overnight_sweep/grid/beta1.3750_temp12.5000/run.log
2026-07-12 14:35:28,925 | INFO | overnight_sweep | [GPU 4] START beta=1.7500 temp=15.0000 -> /LAB/swiss_no_th/swiss-knife-no-threshold/Swiss-Knife/runs/overnight_sweep/grid/beta1.7500_temp15.0000
2026-07-12 14:45:48,072 | INFO | overnight_sweep | [GPU 1] DONE beta=1.3750 temp=15.0000 in 37087.5s (rc=0) — log: /LAB/swiss_no_th/swiss-knife-no-threshold/Swiss-Knife/runs/overnight_sweep/grid/beta1.3750_temp15.0000/run.log
2026-07-12 14:45:48,073 | INFO | overnight_sweep | [GPU 1] START beta=2.1250 temp=10.0000 -> /LAB/swiss_no_th/swiss-knife-no-threshold/Swiss-Knife/runs/overnight_sweep/grid/beta2.1250_temp10.0000
2026-07-12 14:54:40,764 | INFO | overnight_sweep | [GPU 5] DONE beta=1.7500 temp=10.0000 in 37531.0s (rc=0) — log: /LAB/swiss_no_th/swiss-knife-no-threshold/Swiss-Knife/runs/overnight_sweep/grid/beta1.7500_temp10.0000/run.log
2026-07-12 14:54:40,765 | INFO | overnight_sweep | [GPU 5] START beta=2.1250 temp=11.2500 -> /LAB/swiss_no_th/swiss-knife-no-threshold/Swiss-Knife/runs/overnight_sweep/grid/beta2.1250_temp11.2500
2026-07-12 14:55:34,820 | INFO | overnight_sweep | [GPU 3] DONE beta=1.3750 temp=13.7500 in 37817.0s (rc=0) — log: /LAB/swiss_no_th/swiss-knife-no-threshold/Swiss-Knife/runs/overnight_sweep/grid/beta1.3750_temp13.7500/run.log
2026-07-12 14:55:34,821 | INFO | overnight_sweep | [GPU 3] START beta=2.1250 temp=12.5000 -> /LAB/swiss_no_th/swiss-knife-no-threshold/Swiss-Knife/runs/overnight_sweep/grid/beta2.1250_temp12.5000
2026-07-12 14:58:51,540 | INFO | overnight_sweep | [GPU 6] DONE beta=1.7500 temp=12.5000 in 37215.7s (rc=0) — log: /LAB/swiss_no_th/swiss-knife-no-threshold/Swiss-Knife/runs/overnight_sweep/grid/beta1.7500_temp12.5000/run.log
2026-07-12 14:58:51,541 | INFO | overnight_sweep | [GPU 6] START beta=2.1250 temp=13.7500 -> /LAB/swiss_no_th/swiss-knife-no-threshold/Swiss-Knife/runs/overnight_sweep/grid/beta2.1250_temp13.7500
2026-07-12 15:06:22,834 | INFO | overnight_sweep | [GPU 7] DONE beta=1.7500 temp=13.7500 in 37452.1s (rc=0) — log: /LAB/swiss_no_th/swiss-knife-no-threshold/Swiss-Knife/runs/overnight_sweep/grid/beta1.7500_temp13.7500/run.log
2026-07-12 15:06:22,835 | INFO | overnight_sweep | [GPU 7] START beta=2.1250 temp=15.0000 -> /LAB/swiss_no_th/swiss-knife-no-threshold/Swiss-Knife/runs/overnight_sweep/grid/beta2.1250_temp15.0000
2026-07-12 15:10:58,460 | INFO | overnight_sweep | [GPU 2] DONE beta=1.7500 temp=11.2500 in 38149.5s (rc=0) — log: /LAB/swiss_no_th/swiss-knife-no-threshold/Swiss-Knife/runs/overnight_sweep/grid/beta1.7500_temp11.2500/run.log
2026-07-12 15:10:58,462 | INFO | overnight_sweep | [GPU 2] START beta=2.5000 temp=10.0000 -> /LAB/swiss_no_th/swiss-knife-no-threshold/Swiss-Knife/runs/overnight_sweep/grid/beta2.5000_temp10.0000
2026-07-13 00:45:40,056 | INFO | overnight_sweep | [GPU 4] DONE beta=1.7500 temp=15.0000 in 36611.1s (rc=0) — log: /LAB/swiss_no_th/swiss-knife-no-threshold/Swiss-Knife/runs/overnight_sweep/grid/beta1.7500_temp15.0000/run.log
2026-07-13 00:45:40,057 | INFO | overnight_sweep | [GPU 4] START beta=2.5000 temp=11.2500 -> /LAB/swiss_no_th/swiss-knife-no-threshold/Swiss-Knife/runs/overnight_sweep/grid/beta2.5000_temp11.2500
2026-07-13 01:09:02,046 | INFO | overnight_sweep | [GPU 3] DONE beta=2.1250 temp=12.5000 in 36807.2s (rc=0) — log: /LAB/swiss_no_th/swiss-knife-no-threshold/Swiss-Knife/runs/overnight_sweep/grid/beta2.1250_temp12.5000/run.log
2026-07-13 01:09:02,047 | INFO | overnight_sweep | [GPU 3] START beta=2.5000 temp=12.5000 -> /LAB/swiss_no_th/swiss-knife-no-threshold/Swiss-Knife/runs/overnight_sweep/grid/beta2.5000_temp12.5000
2026-07-13 01:10:22,088 | INFO | overnight_sweep | [GPU 5] DONE beta=2.1250 temp=11.2500 in 36941.3s (rc=0) — log: /LAB/swiss_no_th/swiss-knife-no-threshold/Swiss-Knife/runs/overnight_sweep/grid/beta2.1250_temp11.2500/run.log
2026-07-13 01:10:22,089 | INFO | overnight_sweep | [GPU 5] START beta=2.5000 temp=13.7500 -> /LAB/swiss_no_th/swiss-knife-no-threshold/Swiss-Knife/runs/overnight_sweep/grid/beta2.5000_temp13.7500
2026-07-13 01:13:53,685 | INFO | overnight_sweep | [GPU 1] DONE beta=2.1250 temp=10.0000 in 37685.6s (rc=0) — log: /LAB/swiss_no_th/swiss-knife-no-threshold/Swiss-Knife/runs/overnight_sweep/grid/beta2.1250_temp10.0000/run.log
2026-07-13 01:13:53,686 | INFO | overnight_sweep | [GPU 1] START beta=2.5000 temp=15.0000 -> /LAB/swiss_no_th/swiss-knife-no-threshold/Swiss-Knife/runs/overnight_sweep/grid/beta2.5000_temp15.0000
2026-07-13 01:23:43,603 | INFO | overnight_sweep | [GPU 7] DONE beta=2.1250 temp=15.0000 in 37040.8s (rc=0) — log: /LAB/swiss_no_th/swiss-knife-no-threshold/Swiss-Knife/runs/overnight_sweep/grid/beta2.1250_temp15.0000/run.log
2026-07-13 01:27:49,523 | INFO | overnight_sweep | [GPU 2] DONE beta=2.5000 temp=10.0000 in 37011.1s (rc=0) — log: /LAB/swiss_no_th/swiss-knife-no-threshold/Swiss-Knife/runs/overnight_sweep/grid/beta2.5000_temp10.0000/run.log
2026-07-13 02:10:05,345 | INFO | overnight_sweep | [GPU 6] DONE beta=2.1250 temp=13.7500 in 40273.8s (rc=0) — log: /LAB/swiss_no_th/swiss-knife-no-threshold/Swiss-Knife/runs/overnight_sweep/grid/beta2.1250_temp13.7500/run.log
2026-07-13 11:09:26,231 | INFO | overnight_sweep | [GPU 5] DONE beta=2.5000 temp=13.7500 in 35944.1s (rc=0) — log: /LAB/swiss_no_th/swiss-knife-no-threshold/Swiss-Knife/runs/overnight_sweep/grid/beta2.5000_temp13.7500/run.log
2026-07-13 11:23:15,323 | INFO | overnight_sweep | [GPU 3] DONE beta=2.5000 temp=12.5000 in 36853.3s (rc=0) — log: /LAB/swiss_no_th/swiss-knife-no-threshold/Swiss-Knife/runs/overnight_sweep/grid/beta2.5000_temp12.5000/run.log
2026-07-13 11:38:49,384 | INFO | overnight_sweep | [GPU 1] DONE beta=2.5000 temp=15.0000 in 37495.7s (rc=0) — log: /LAB/swiss_no_th/swiss-knife-no-threshold/Swiss-Knife/runs/overnight_sweep/grid/beta2.5000_temp15.0000/run.log
2026-07-13 11:43:49,179 | INFO | overnight_sweep | [GPU 4] DONE beta=2.5000 temp=11.2500 in 39489.1s (rc=0) — log: /LAB/swiss_no_th/swiss-knife-no-threshold/Swiss-Knife/runs/overnight_sweep/grid/beta2.5000_temp11.2500/run.log
2026-07-13 11:43:49,182 | INFO | overnight_sweep | Generation grid complete: 25/25 configs OK (0 failed).
2026-07-13 11:43:49,193 | INFO | overnight_sweep | wrote /LAB/swiss_no_th/swiss-knife-no-threshold/Swiss-Knife/runs/overnight_sweep/tribunal_inputs/gsi_softmax_no_th__beta1.0000_temp10.0000.jsonl (100 records)
2026-07-13 11:43:49,198 | INFO | overnight_sweep | wrote /LAB/swiss_no_th/swiss-knife-no-threshold/Swiss-Knife/runs/overnight_sweep/tribunal_inputs/gsi_swiss_no_th__beta1.0000_temp10.0000.jsonl (79 records)
2026-07-13 11:43:49,202 | INFO | overnight_sweep | wrote /LAB/swiss_no_th/swiss-knife-no-threshold/Swiss-Knife/runs/overnight_sweep/tribunal_inputs/gsi_elo_no_th__beta1.0000_temp10.0000.jsonl (77 records)
2026-07-13 11:43:49,205 | INFO | overnight_sweep | wrote /LAB/swiss_no_th/swiss-knife-no-threshold/Swiss-Knife/runs/overnight_sweep/tribunal_inputs/gsi_elo_no_match__beta1.0000_temp10.0000.jsonl (75 records)
2026-07-13 11:43:49,209 | INFO | overnight_sweep | wrote /LAB/swiss_no_th/swiss-knife-no-threshold/Swiss-Knife/runs/overnight_sweep/tribunal_inputs/gsi_swiss_no_match__beta1.0000_temp10.0000.jsonl (77 records)
2026-07-13 11:43:49,209 | WARNING | overnight_sweep | Missing /LAB/swiss_no_th/swiss-knife-no-threshold/Swiss-Knife/runs/overnight_sweep/grid/beta1.0000_temp100.0000/gsi_softmax_no_th_results.json (config beta1.0000_temp100.0000 failed or was skipped) — no jsonl written
2026-07-13 11:43:49,209 | WARNING | overnight_sweep | Missing /LAB/swiss_no_th/swiss-knife-no-threshold/Swiss-Knife/runs/overnight_sweep/grid/beta1.0000_temp100.0000/gsi_swiss_no_th_results.json (config beta1.0000_temp100.0000 failed or was skipped) — no jsonl written
2026-07-13 11:43:49,209 | WARNING | overnight_sweep | Missing /LAB/swiss_no_th/swiss-knife-no-threshold/Swiss-Knife/runs/overnight_sweep/grid/beta1.0000_temp100.0000/gsi_elo_no_th_results.json (config beta1.0000_temp100.0000 failed or was skipped) — no jsonl written
2026-07-13 11:43:49,209 | WARNING | overnight_sweep | Missing /LAB/swiss_no_th/swiss-knife-no-threshold/Swiss-Knife/runs/overnight_sweep/grid/beta1.0000_temp100.0000/gsi_elo_no_match_results.json (config beta1.0000_temp100.0000 failed or was skipped) — no jsonl written
2026-07-13 11:43:49,209 | WARNING | overnight_sweep | Missing /LAB/swiss_no_th/swiss-knife-no-threshold/Swiss-Knife/runs/overnight_sweep/grid/beta1.0000_temp100.0000/gsi_swiss_no_match_results.json (config beta1.0000_temp100.0000 failed or was skipped) — no jsonl written
2026-07-13 11:43:49,214 | INFO | overnight_sweep | wrote /LAB/swiss_no_th/swiss-knife-no-threshold/Swiss-Knife/runs/overnight_sweep/tribunal_inputs/gsi_softmax_no_th__beta1.0000_temp11.2500.jsonl (100 records)
2026-07-13 11:43:49,219 | INFO | overnight_sweep | wrote /LAB/swiss_no_th/swiss-knife-no-threshold/Swiss-Knife/runs/overnight_sweep/tribunal_inputs/gsi_swiss_no_th__beta1.0000_temp11.2500.jsonl (79 records)
2026-07-13 11:43:49,222 | INFO | overnight_sweep | wrote /LAB/swiss_no_th/swiss-knife-no-threshold/Swiss-Knife/runs/overnight_sweep/tribunal_inputs/gsi_elo_no_th__beta1.0000_temp11.2500.jsonl (76 records)
2026-07-13 11:43:49,226 | INFO | overnight_sweep | wrote /LAB/swiss_no_th/swiss-knife-no-threshold/Swiss-Knife/runs/overnight_sweep/tribunal_inputs/gsi_elo_no_match__beta1.0000_temp11.2500.jsonl (75 records)
2026-07-13 11:43:49,230 | INFO | overnight_sweep | wrote /LAB/swiss_no_th/swiss-knife-no-threshold/Swiss-Knife/runs/overnight_sweep/tribunal_inputs/gsi_swiss_no_match__beta1.0000_temp11.2500.jsonl (77 records)
2026-07-13 11:43:49,235 | INFO | overnight_sweep | wrote /LAB/swiss_no_th/swiss-knife-no-threshold/Swiss-Knife/runs/overnight_sweep/tribunal_inputs/gsi_softmax_no_th__beta1.0000_temp12.5000.jsonl (100 records)
2026-07-13 11:43:49,239 | INFO | overnight_sweep | wrote /LAB/swiss_no_th/swiss-knife-no-threshold/Swiss-Knife/runs/overnight_sweep/tribunal_inputs/gsi_swiss_no_th__beta1.0000_temp12.5000.jsonl (79 records)
2026-07-13 11:43:49,243 | INFO | overnight_sweep | wrote /LAB/swiss_no_th/swiss-knife-no-threshold/Swiss-Knife/runs/overnight_sweep/tribunal_inputs/gsi_elo_no_th__beta1.0000_temp12.5000.jsonl (75 records)
2026-07-13 11:43:49,246 | INFO | overnight_sweep | wrote /LAB/swiss_no_th/swiss-knife-no-threshold/Swiss-Knife/runs/overnight_sweep/tribunal_inputs/gsi_elo_no_match__beta1.0000_temp12.5000.jsonl (76 records)
2026-07-13 11:43:49,250 | INFO | overnight_sweep | wrote /LAB/swiss_no_th/swiss-knife-no-threshold/Swiss-Knife/runs/overnight_sweep/tribunal_inputs/gsi_swiss_no_match__beta1.0000_temp12.5000.jsonl (75 records)
2026-07-13 11:43:49,255 | INFO | overnight_sweep | wrote /LAB/swiss_no_th/swiss-knife-no-threshold/Swiss-Knife/runs/overnight_sweep/tribunal_inputs/gsi_softmax_no_th__beta1.0000_temp13.7500.jsonl (100 records)
2026-07-13 11:43:49,259 | INFO | overnight_sweep | wrote /LAB/swiss_no_th/swiss-knife-no-threshold/Swiss-Knife/runs/overnight_sweep/tribunal_inputs/gsi_swiss_no_th__beta1.0000_temp13.7500.jsonl (79 records)
2026-07-13 11:43:49,263 | INFO | overnight_sweep | wrote /LAB/swiss_no_th/swiss-knife-no-threshold/Swiss-Knife/runs/overnight_sweep/tribunal_inputs/gsi_elo_no_th__beta1.0000_temp13.7500.jsonl (81 records)
2026-07-13 11:43:49,267 | INFO | overnight_sweep | wrote /LAB/swiss_no_th/swiss-knife-no-threshold/Swiss-Knife/runs/overnight_sweep/tribunal_inputs/gsi_elo_no_match__beta1.0000_temp13.7500.jsonl (76 records)
2026-07-13 11:43:49,271 | INFO | overnight_sweep | wrote /LAB/swiss_no_th/swiss-knife-no-threshold/Swiss-Knife/runs/overnight_sweep/tribunal_inputs/gsi_swiss_no_match__beta1.0000_temp13.7500.jsonl (76 records)
2026-07-13 11:43:49,276 | INFO | overnight_sweep | wrote /LAB/swiss_no_th/swiss-knife-no-threshold/Swiss-Knife/runs/overnight_sweep/tribunal_inputs/gsi_softmax_no_th__beta1.0000_temp15.0000.jsonl (100 records)
2026-07-13 11:43:49,280 | INFO | overnight_sweep | wrote /LAB/swiss_no_th/swiss-knife-no-threshold/Swiss-Knife/runs/overnight_sweep/tribunal_inputs/gsi_swiss_no_th__beta1.0000_temp15.0000.jsonl (79 records)
2026-07-13 11:43:49,284 | INFO | overnight_sweep | wrote /LAB/swiss_no_th/swiss-knife-no-threshold/Swiss-Knife/runs/overnight_sweep/tribunal_inputs/gsi_elo_no_th__beta1.0000_temp15.0000.jsonl (76 records)
2026-07-13 11:43:49,288 | INFO | overnight_sweep | wrote /LAB/swiss_no_th/swiss-knife-no-threshold/Swiss-Knife/runs/overnight_sweep/tribunal_inputs/gsi_elo_no_match__beta1.0000_temp15.0000.jsonl (79 records)
2026-07-13 11:43:49,292 | INFO | overnight_sweep | wrote /LAB/swiss_no_th/swiss-knife-no-threshold/Swiss-Knife/runs/overnight_sweep/tribunal_inputs/gsi_swiss_no_match__beta1.0000_temp15.0000.jsonl (78 records)
2026-07-13 11:43:49,292 | WARNING | overnight_sweep | Missing /LAB/swiss_no_th/swiss-knife-no-threshold/Swiss-Knife/runs/overnight_sweep/grid/beta1.0000_temp32.5000/gsi_softmax_no_th_results.json (config beta1.0000_temp32.5000 failed or was skipped) — no jsonl written
2026-07-13 11:43:49,292 | WARNING | overnight_sweep | Missing /LAB/swiss_no_th/swiss-knife-no-threshold/Swiss-Knife/runs/overnight_sweep/grid/beta1.0000_temp32.5000/gsi_swiss_no_th_results.json (config beta1.0000_temp32.5000 failed or was skipped) — no jsonl written
2026-07-13 11:43:49,292 | WARNING | overnight_sweep | Missing /LAB/swiss_no_th/swiss-knife-no-threshold/Swiss-Knife/runs/overnight_sweep/grid/beta1.0000_temp32.5000/gsi_elo_no_th_results.json (config beta1.0000_temp32.5000 failed or was skipped) — no jsonl written
2026-07-13 11:43:49,292 | WARNING | overnight_sweep | Missing /LAB/swiss_no_th/swiss-knife-no-threshold/Swiss-Knife/runs/overnight_sweep/grid/beta1.0000_temp32.5000/gsi_elo_no_match_results.json (config beta1.0000_temp32.5000 failed or was skipped) — no jsonl written
2026-07-13 11:43:49,292 | WARNING | overnight_sweep | Missing /LAB/swiss_no_th/swiss-knife-no-threshold/Swiss-Knife/runs/overnight_sweep/grid/beta1.0000_temp32.5000/gsi_swiss_no_match_results.json (config beta1.0000_temp32.5000 failed or was skipped) — no jsonl written
2026-07-13 11:43:49,292 | WARNING | overnight_sweep | Missing /LAB/swiss_no_th/swiss-knife-no-threshold/Swiss-Knife/runs/overnight_sweep/grid/beta1.0000_temp55.0000/gsi_softmax_no_th_results.json (config beta1.0000_temp55.0000 failed or was skipped) — no jsonl written
2026-07-13 11:43:49,292 | WARNING | overnight_sweep | Missing /LAB/swiss_no_th/swiss-knife-no-threshold/Swiss-Knife/runs/overnight_sweep/grid/beta1.0000_temp55.0000/gsi_swiss_no_th_results.json (config beta1.0000_temp55.0000 failed or was skipped) — no jsonl written
2026-07-13 11:43:49,292 | WARNING | overnight_sweep | Missing /LAB/swiss_no_th/swiss-knife-no-threshold/Swiss-Knife/runs/overnight_sweep/grid/beta1.0000_temp55.0000/gsi_elo_no_th_results.json (config beta1.0000_temp55.0000 failed or was skipped) — no jsonl written
2026-07-13 11:43:49,292 | WARNING | overnight_sweep | Missing /LAB/swiss_no_th/swiss-knife-no-threshold/Swiss-Knife/runs/overnight_sweep/grid/beta1.0000_temp55.0000/gsi_elo_no_match_results.json (config beta1.0000_temp55.0000 failed or was skipped) — no jsonl written
2026-07-13 11:43:49,292 | WARNING | overnight_sweep | Missing /LAB/swiss_no_th/swiss-knife-no-threshold/Swiss-Knife/runs/overnight_sweep/grid/beta1.0000_temp55.0000/gsi_swiss_no_match_results.json (config beta1.0000_temp55.0000 failed or was skipped) — no jsonl written
2026-07-13 11:43:49,292 | WARNING | overnight_sweep | Missing /LAB/swiss_no_th/swiss-knife-no-threshold/Swiss-Knife/runs/overnight_sweep/grid/beta1.0000_temp77.5000/gsi_softmax_no_th_results.json (config beta1.0000_temp77.5000 failed or was skipped) — no jsonl written
2026-07-13 11:43:49,292 | WARNING | overnight_sweep | Missing /LAB/swiss_no_th/swiss-knife-no-threshold/Swiss-Knife/runs/overnight_sweep/grid/beta1.0000_temp77.5000/gsi_swiss_no_th_results.json (config beta1.0000_temp77.5000 failed or was skipped) — no jsonl written
2026-07-13 11:43:49,292 | WARNING | overnight_sweep | Missing /LAB/swiss_no_th/swiss-knife-no-threshold/Swiss-Knife/runs/overnight_sweep/grid/beta1.0000_temp77.5000/gsi_elo_no_th_results.json (config beta1.0000_temp77.5000 failed or was skipped) — no jsonl written
2026-07-13 11:43:49,292 | WARNING | overnight_sweep | Missing /LAB/swiss_no_th/swiss-knife-no-threshold/Swiss-Knife/runs/overnight_sweep/grid/beta1.0000_temp77.5000/gsi_elo_no_match_results.json (config beta1.0000_temp77.5000 failed or was skipped) — no jsonl written
2026-07-13 11:43:49,292 | WARNING | overnight_sweep | Missing /LAB/swiss_no_th/swiss-knife-no-threshold/Swiss-Knife/runs/overnight_sweep/grid/beta1.0000_temp77.5000/gsi_swiss_no_match_results.json (config beta1.0000_temp77.5000 failed or was skipped) — no jsonl written
2026-07-13 11:43:49,297 | INFO | overnight_sweep | wrote /LAB/swiss_no_th/swiss-knife-no-threshold/Swiss-Knife/runs/overnight_sweep/tribunal_inputs/gsi_softmax_no_th__beta1.3750_temp10.0000.jsonl (100 records)
2026-07-13 11:43:49,301 | INFO | overnight_sweep | wrote /LAB/swiss_no_th/swiss-knife-no-threshold/Swiss-Knife/runs/overnight_sweep/tribunal_inputs/gsi_swiss_no_th__beta1.3750_temp10.0000.jsonl (77 records)
2026-07-13 11:43:49,305 | INFO | overnight_sweep | wrote /LAB/swiss_no_th/swiss-knife-no-threshold/Swiss-Knife/runs/overnight_sweep/tribunal_inputs/gsi_elo_no_th__beta1.3750_temp10.0000.jsonl (79 records)
2026-07-13 11:43:49,309 | INFO | overnight_sweep | wrote /LAB/swiss_no_th/swiss-knife-no-threshold/Swiss-Knife/runs/overnight_sweep/tribunal_inputs/gsi_elo_no_match__beta1.3750_temp10.0000.jsonl (79 records)
2026-07-13 11:43:49,313 | INFO | overnight_sweep | wrote /LAB/swiss_no_th/swiss-knife-no-threshold/Swiss-Knife/runs/overnight_sweep/tribunal_inputs/gsi_swiss_no_match__beta1.3750_temp10.0000.jsonl (78 records)
2026-07-13 11:43:49,318 | INFO | overnight_sweep | wrote /LAB/swiss_no_th/swiss-knife-no-threshold/Swiss-Knife/runs/overnight_sweep/tribunal_inputs/gsi_softmax_no_th__beta1.3750_temp11.2500.jsonl (100 records)
2026-07-13 11:43:49,322 | INFO | overnight_sweep | wrote /LAB/swiss_no_th/swiss-knife-no-threshold/Swiss-Knife/runs/overnight_sweep/tribunal_inputs/gsi_swiss_no_th__beta1.3750_temp11.2500.jsonl (77 records)
2026-07-13 11:43:49,325 | INFO | overnight_sweep | wrote /LAB/swiss_no_th/swiss-knife-no-threshold/Swiss-Knife/runs/overnight_sweep/tribunal_inputs/gsi_elo_no_th__beta1.3750_temp11.2500.jsonl (79 records)
2026-07-13 11:43:49,329 | INFO | overnight_sweep | wrote /LAB/swiss_no_th/swiss-knife-no-threshold/Swiss-Knife/runs/overnight_sweep/tribunal_inputs/gsi_elo_no_match__beta1.3750_temp11.2500.jsonl (74 records)
2026-07-13 11:43:49,333 | INFO | overnight_sweep | wrote /LAB/swiss_no_th/swiss-knife-no-threshold/Swiss-Knife/runs/overnight_sweep/tribunal_inputs/gsi_swiss_no_match__beta1.3750_temp11.2500.jsonl (77 records)
2026-07-13 11:43:49,338 | INFO | overnight_sweep | wrote /LAB/swiss_no_th/swiss-knife-no-threshold/Swiss-Knife/runs/overnight_sweep/tribunal_inputs/gsi_softmax_no_th__beta1.3750_temp12.5000.jsonl (100 records)
2026-07-13 11:43:49,342 | INFO | overnight_sweep | wrote /LAB/swiss_no_th/swiss-knife-no-threshold/Swiss-Knife/runs/overnight_sweep/tribunal_inputs/gsi_swiss_no_th__beta1.3750_temp12.5000.jsonl (77 records)
2026-07-13 11:43:49,346 | INFO | overnight_sweep | wrote /LAB/swiss_no_th/swiss-knife-no-threshold/Swiss-Knife/runs/overnight_sweep/tribunal_inputs/gsi_elo_no_th__beta1.3750_temp12.5000.jsonl (79 records)
2026-07-13 11:43:49,349 | INFO | overnight_sweep | wrote /LAB/swiss_no_th/swiss-knife-no-threshold/Swiss-Knife/runs/overnight_sweep/tribunal_inputs/gsi_elo_no_match__beta1.3750_temp12.5000.jsonl (76 records)
2026-07-13 11:43:49,353 | INFO | overnight_sweep | wrote /LAB/swiss_no_th/swiss-knife-no-threshold/Swiss-Knife/runs/overnight_sweep/tribunal_inputs/gsi_swiss_no_match__beta1.3750_temp12.5000.jsonl (75 records)
2026-07-13 11:43:49,358 | INFO | overnight_sweep | wrote /LAB/swiss_no_th/swiss-knife-no-threshold/Swiss-Knife/runs/overnight_sweep/tribunal_inputs/gsi_softmax_no_th__beta1.3750_temp13.7500.jsonl (100 records)
2026-07-13 11:43:49,362 | INFO | overnight_sweep | wrote /LAB/swiss_no_th/swiss-knife-no-threshold/Swiss-Knife/runs/overnight_sweep/tribunal_inputs/gsi_swiss_no_th__beta1.3750_temp13.7500.jsonl (77 records)
2026-07-13 11:43:49,366 | INFO | overnight_sweep | wrote /LAB/swiss_no_th/swiss-knife-no-threshold/Swiss-Knife/runs/overnight_sweep/tribunal_inputs/gsi_elo_no_th__beta1.3750_temp13.7500.jsonl (79 records)
2026-07-13 11:43:49,370 | INFO | overnight_sweep | wrote /LAB/swiss_no_th/swiss-knife-no-threshold/Swiss-Knife/runs/overnight_sweep/tribunal_inputs/gsi_elo_no_match__beta1.3750_temp13.7500.jsonl (77 records)
2026-07-13 11:43:49,374 | INFO | overnight_sweep | wrote /LAB/swiss_no_th/swiss-knife-no-threshold/Swiss-Knife/runs/overnight_sweep/tribunal_inputs/gsi_swiss_no_match__beta1.3750_temp13.7500.jsonl (78 records)
2026-07-13 11:43:49,379 | INFO | overnight_sweep | wrote /LAB/swiss_no_th/swiss-knife-no-threshold/Swiss-Knife/runs/overnight_sweep/tribunal_inputs/gsi_softmax_no_th__beta1.3750_temp15.0000.jsonl (100 records)
2026-07-13 11:43:49,383 | INFO | overnight_sweep | wrote /LAB/swiss_no_th/swiss-knife-no-threshold/Swiss-Knife/runs/overnight_sweep/tribunal_inputs/gsi_swiss_no_th__beta1.3750_temp15.0000.jsonl (77 records)
2026-07-13 11:43:49,387 | INFO | overnight_sweep | wrote /LAB/swiss_no_th/swiss-knife-no-threshold/Swiss-Knife/runs/overnight_sweep/tribunal_inputs/gsi_elo_no_th__beta1.3750_temp15.0000.jsonl (78 records)
2026-07-13 11:43:49,391 | INFO | overnight_sweep | wrote /LAB/swiss_no_th/swiss-knife-no-threshold/Swiss-Knife/runs/overnight_sweep/tribunal_inputs/gsi_elo_no_match__beta1.3750_temp15.0000.jsonl (77 records)
2026-07-13 11:43:49,394 | INFO | overnight_sweep | wrote /LAB/swiss_no_th/swiss-knife-no-threshold/Swiss-Knife/runs/overnight_sweep/tribunal_inputs/gsi_swiss_no_match__beta1.3750_temp15.0000.jsonl (77 records)
2026-07-13 11:43:49,394 | WARNING | overnight_sweep | Missing /LAB/swiss_no_th/swiss-knife-no-threshold/Swiss-Knife/runs/overnight_sweep/grid/beta1.3750_temp32.5000/gsi_softmax_no_th_results.json (config beta1.3750_temp32.5000 failed or was skipped) — no jsonl written
2026-07-13 11:43:49,394 | WARNING | overnight_sweep | Missing /LAB/swiss_no_th/swiss-knife-no-threshold/Swiss-Knife/runs/overnight_sweep/grid/beta1.3750_temp32.5000/gsi_swiss_no_th_results.json (config beta1.3750_temp32.5000 failed or was skipped) — no jsonl written
2026-07-13 11:43:49,394 | WARNING | overnight_sweep | Missing /LAB/swiss_no_th/swiss-knife-no-threshold/Swiss-Knife/runs/overnight_sweep/grid/beta1.3750_temp32.5000/gsi_elo_no_th_results.json (config beta1.3750_temp32.5000 failed or was skipped) — no jsonl written
2026-07-13 11:43:49,394 | WARNING | overnight_sweep | Missing /LAB/swiss_no_th/swiss-knife-no-threshold/Swiss-Knife/runs/overnight_sweep/grid/beta1.3750_temp32.5000/gsi_elo_no_match_results.json (config beta1.3750_temp32.5000 failed or was skipped) — no jsonl written
2026-07-13 11:43:49,395 | WARNING | overnight_sweep | Missing /LAB/swiss_no_th/swiss-knife-no-threshold/Swiss-Knife/runs/overnight_sweep/grid/beta1.3750_temp32.5000/gsi_swiss_no_match_results.json (config beta1.3750_temp32.5000 failed or was skipped) — no jsonl written
2026-07-13 11:43:49,400 | INFO | overnight_sweep | wrote /LAB/swiss_no_th/swiss-knife-no-threshold/Swiss-Knife/runs/overnight_sweep/tribunal_inputs/gsi_softmax_no_th__beta1.7500_temp10.0000.jsonl (100 records)
2026-07-13 11:43:49,404 | INFO | overnight_sweep | wrote /LAB/swiss_no_th/swiss-knife-no-threshold/Swiss-Knife/runs/overnight_sweep/tribunal_inputs/gsi_swiss_no_th__beta1.7500_temp10.0000.jsonl (75 records)
2026-07-13 11:43:49,407 | INFO | overnight_sweep | wrote /LAB/swiss_no_th/swiss-knife-no-threshold/Swiss-Knife/runs/overnight_sweep/tribunal_inputs/gsi_elo_no_th__beta1.7500_temp10.0000.jsonl (78 records)
2026-07-13 11:43:49,411 | INFO | overnight_sweep | wrote /LAB/swiss_no_th/swiss-knife-no-threshold/Swiss-Knife/runs/overnight_sweep/tribunal_inputs/gsi_elo_no_match__beta1.7500_temp10.0000.jsonl (77 records)
2026-07-13 11:43:49,415 | INFO | overnight_sweep | wrote /LAB/swiss_no_th/swiss-knife-no-threshold/Swiss-Knife/runs/overnight_sweep/tribunal_inputs/gsi_swiss_no_match__beta1.7500_temp10.0000.jsonl (81 records)
2026-07-13 11:43:49,420 | INFO | overnight_sweep | wrote /LAB/swiss_no_th/swiss-knife-no-threshold/Swiss-Knife/runs/overnight_sweep/tribunal_inputs/gsi_softmax_no_th__beta1.7500_temp11.2500.jsonl (100 records)
2026-07-13 11:43:49,424 | INFO | overnight_sweep | wrote /LAB/swiss_no_th/swiss-knife-no-threshold/Swiss-Knife/runs/overnight_sweep/tribunal_inputs/gsi_swiss_no_th__beta1.7500_temp11.2500.jsonl (75 records)
2026-07-13 11:43:49,428 | INFO | overnight_sweep | wrote /LAB/swiss_no_th/swiss-knife-no-threshold/Swiss-Knife/runs/overnight_sweep/tribunal_inputs/gsi_elo_no_th__beta1.7500_temp11.2500.jsonl (75 records)
2026-07-13 11:43:49,431 | INFO | overnight_sweep | wrote /LAB/swiss_no_th/swiss-knife-no-threshold/Swiss-Knife/runs/overnight_sweep/tribunal_inputs/gsi_elo_no_match__beta1.7500_temp11.2500.jsonl (76 records)
2026-07-13 11:43:49,435 | INFO | overnight_sweep | wrote /LAB/swiss_no_th/swiss-knife-no-threshold/Swiss-Knife/runs/overnight_sweep/tribunal_inputs/gsi_swiss_no_match__beta1.7500_temp11.2500.jsonl (77 records)
2026-07-13 11:43:49,440 | INFO | overnight_sweep | wrote /LAB/swiss_no_th/swiss-knife-no-threshold/Swiss-Knife/runs/overnight_sweep/tribunal_inputs/gsi_softmax_no_th__beta1.7500_temp12.5000.jsonl (100 records)
2026-07-13 11:43:49,444 | INFO | overnight_sweep | wrote /LAB/swiss_no_th/swiss-knife-no-threshold/Swiss-Knife/runs/overnight_sweep/tribunal_inputs/gsi_swiss_no_th__beta1.7500_temp12.5000.jsonl (75 records)
2026-07-13 11:43:49,448 | INFO | overnight_sweep | wrote /LAB/swiss_no_th/swiss-knife-no-threshold/Swiss-Knife/runs/overnight_sweep/tribunal_inputs/gsi_elo_no_th__beta1.7500_temp12.5000.jsonl (77 records)
2026-07-13 11:43:49,452 | INFO | overnight_sweep | wrote /LAB/swiss_no_th/swiss-knife-no-threshold/Swiss-Knife/runs/overnight_sweep/tribunal_inputs/gsi_elo_no_match__beta1.7500_temp12.5000.jsonl (76 records)
2026-07-13 11:43:49,456 | INFO | overnight_sweep | wrote /LAB/swiss_no_th/swiss-knife-no-threshold/Swiss-Knife/runs/overnight_sweep/tribunal_inputs/gsi_swiss_no_match__beta1.7500_temp12.5000.jsonl (77 records)
2026-07-13 11:43:49,461 | INFO | overnight_sweep | wrote /LAB/swiss_no_th/swiss-knife-no-threshold/Swiss-Knife/runs/overnight_sweep/tribunal_inputs/gsi_softmax_no_th__beta1.7500_temp13.7500.jsonl (100 records)
2026-07-13 11:43:49,465 | INFO | overnight_sweep | wrote /LAB/swiss_no_th/swiss-knife-no-threshold/Swiss-Knife/runs/overnight_sweep/tribunal_inputs/gsi_swiss_no_th__beta1.7500_temp13.7500.jsonl (75 records)
2026-07-13 11:43:49,468 | INFO | overnight_sweep | wrote /LAB/swiss_no_th/swiss-knife-no-threshold/Swiss-Knife/runs/overnight_sweep/tribunal_inputs/gsi_elo_no_th__beta1.7500_temp13.7500.jsonl (78 records)
2026-07-13 11:43:49,472 | INFO | overnight_sweep | wrote /LAB/swiss_no_th/swiss-knife-no-threshold/Swiss-Knife/runs/overnight_sweep/tribunal_inputs/gsi_elo_no_match__beta1.7500_temp13.7500.jsonl (79 records)
2026-07-13 11:43:49,476 | INFO | overnight_sweep | wrote /LAB/swiss_no_th/swiss-knife-no-threshold/Swiss-Knife/runs/overnight_sweep/tribunal_inputs/gsi_swiss_no_match__beta1.7500_temp13.7500.jsonl (79 records)
2026-07-13 11:43:49,481 | INFO | overnight_sweep | wrote /LAB/swiss_no_th/swiss-knife-no-threshold/Swiss-Knife/runs/overnight_sweep/tribunal_inputs/gsi_softmax_no_th__beta1.7500_temp15.0000.jsonl (100 records)
2026-07-13 11:43:49,485 | INFO | overnight_sweep | wrote /LAB/swiss_no_th/swiss-knife-no-threshold/Swiss-Knife/runs/overnight_sweep/tribunal_inputs/gsi_swiss_no_th__beta1.7500_temp15.0000.jsonl (75 records)
2026-07-13 11:43:49,489 | INFO | overnight_sweep | wrote /LAB/swiss_no_th/swiss-knife-no-threshold/Swiss-Knife/runs/overnight_sweep/tribunal_inputs/gsi_elo_no_th__beta1.7500_temp15.0000.jsonl (75 records)
2026-07-13 11:43:49,493 | INFO | overnight_sweep | wrote /LAB/swiss_no_th/swiss-knife-no-threshold/Swiss-Knife/runs/overnight_sweep/tribunal_inputs/gsi_elo_no_match__beta1.7500_temp15.0000.jsonl (78 records)
2026-07-13 11:43:49,497 | INFO | overnight_sweep | wrote /LAB/swiss_no_th/swiss-knife-no-threshold/Swiss-Knife/runs/overnight_sweep/tribunal_inputs/gsi_swiss_no_match__beta1.7500_temp15.0000.jsonl (80 records)
2026-07-13 11:43:49,502 | INFO | overnight_sweep | wrote /LAB/swiss_no_th/swiss-knife-no-threshold/Swiss-Knife/runs/overnight_sweep/tribunal_inputs/gsi_softmax_no_th__beta2.1250_temp10.0000.jsonl (100 records)
2026-07-13 11:43:49,506 | INFO | overnight_sweep | wrote /LAB/swiss_no_th/swiss-knife-no-threshold/Swiss-Knife/runs/overnight_sweep/tribunal_inputs/gsi_swiss_no_th__beta2.1250_temp10.0000.jsonl (79 records)
2026-07-13 11:43:49,509 | INFO | overnight_sweep | wrote /LAB/swiss_no_th/swiss-knife-no-threshold/Swiss-Knife/runs/overnight_sweep/tribunal_inputs/gsi_elo_no_th__beta2.1250_temp10.0000.jsonl (76 records)
2026-07-13 11:43:49,513 | INFO | overnight_sweep | wrote /LAB/swiss_no_th/swiss-knife-no-threshold/Swiss-Knife/runs/overnight_sweep/tribunal_inputs/gsi_elo_no_match__beta2.1250_temp10.0000.jsonl (76 records)
2026-07-13 11:43:49,517 | INFO | overnight_sweep | wrote /LAB/swiss_no_th/swiss-knife-no-threshold/Swiss-Knife/runs/overnight_sweep/tribunal_inputs/gsi_swiss_no_match__beta2.1250_temp10.0000.jsonl (77 records)
2026-07-13 11:43:49,522 | INFO | overnight_sweep | wrote /LAB/swiss_no_th/swiss-knife-no-threshold/Swiss-Knife/runs/overnight_sweep/tribunal_inputs/gsi_softmax_no_th__beta2.1250_temp11.2500.jsonl (100 records)
2026-07-13 11:43:49,526 | INFO | overnight_sweep | wrote /LAB/swiss_no_th/swiss-knife-no-threshold/Swiss-Knife/runs/overnight_sweep/tribunal_inputs/gsi_swiss_no_th__beta2.1250_temp11.2500.jsonl (79 records)
2026-07-13 11:43:49,529 | INFO | overnight_sweep | wrote /LAB/swiss_no_th/swiss-knife-no-threshold/Swiss-Knife/runs/overnight_sweep/tribunal_inputs/gsi_elo_no_th__beta2.1250_temp11.2500.jsonl (77 records)
2026-07-13 11:43:49,533 | INFO | overnight_sweep | wrote /LAB/swiss_no_th/swiss-knife-no-threshold/Swiss-Knife/runs/overnight_sweep/tribunal_inputs/gsi_elo_no_match__beta2.1250_temp11.2500.jsonl (76 records)
2026-07-13 11:43:49,537 | INFO | overnight_sweep | wrote /LAB/swiss_no_th/swiss-knife-no-threshold/Swiss-Knife/runs/overnight_sweep/tribunal_inputs/gsi_swiss_no_match__beta2.1250_temp11.2500.jsonl (76 records)
2026-07-13 11:43:49,542 | INFO | overnight_sweep | wrote /LAB/swiss_no_th/swiss-knife-no-threshold/Swiss-Knife/runs/overnight_sweep/tribunal_inputs/gsi_softmax_no_th__beta2.1250_temp12.5000.jsonl (100 records)
2026-07-13 11:43:49,546 | INFO | overnight_sweep | wrote /LAB/swiss_no_th/swiss-knife-no-threshold/Swiss-Knife/runs/overnight_sweep/tribunal_inputs/gsi_swiss_no_th__beta2.1250_temp12.5000.jsonl (79 records)
2026-07-13 11:43:49,549 | INFO | overnight_sweep | wrote /LAB/swiss_no_th/swiss-knife-no-threshold/Swiss-Knife/runs/overnight_sweep/tribunal_inputs/gsi_elo_no_th__beta2.1250_temp12.5000.jsonl (77 records)
2026-07-13 11:43:49,553 | INFO | overnight_sweep | wrote /LAB/swiss_no_th/swiss-knife-no-threshold/Swiss-Knife/runs/overnight_sweep/tribunal_inputs/gsi_elo_no_match__beta2.1250_temp12.5000.jsonl (75 records)
2026-07-13 11:43:49,557 | INFO | overnight_sweep | wrote /LAB/swiss_no_th/swiss-knife-no-threshold/Swiss-Knife/runs/overnight_sweep/tribunal_inputs/gsi_swiss_no_match__beta2.1250_temp12.5000.jsonl (77 records)
2026-07-13 11:43:49,562 | INFO | overnight_sweep | wrote /LAB/swiss_no_th/swiss-knife-no-threshold/Swiss-Knife/runs/overnight_sweep/tribunal_inputs/gsi_softmax_no_th__beta2.1250_temp13.7500.jsonl (100 records)
2026-07-13 11:43:49,566 | INFO | overnight_sweep | wrote /LAB/swiss_no_th/swiss-knife-no-threshold/Swiss-Knife/runs/overnight_sweep/tribunal_inputs/gsi_swiss_no_th__beta2.1250_temp13.7500.jsonl (79 records)
2026-07-13 11:43:49,570 | INFO | overnight_sweep | wrote /LAB/swiss_no_th/swiss-knife-no-threshold/Swiss-Knife/runs/overnight_sweep/tribunal_inputs/gsi_elo_no_th__beta2.1250_temp13.7500.jsonl (77 records)
2026-07-13 11:43:49,574 | INFO | overnight_sweep | wrote /LAB/swiss_no_th/swiss-knife-no-threshold/Swiss-Knife/runs/overnight_sweep/tribunal_inputs/gsi_elo_no_match__beta2.1250_temp13.7500.jsonl (79 records)
2026-07-13 11:43:49,578 | INFO | overnight_sweep | wrote /LAB/swiss_no_th/swiss-knife-no-threshold/Swiss-Knife/runs/overnight_sweep/tribunal_inputs/gsi_swiss_no_match__beta2.1250_temp13.7500.jsonl (77 records)
2026-07-13 11:43:49,582 | INFO | overnight_sweep | wrote /LAB/swiss_no_th/swiss-knife-no-threshold/Swiss-Knife/runs/overnight_sweep/tribunal_inputs/gsi_softmax_no_th__beta2.1250_temp15.0000.jsonl (100 records)
2026-07-13 11:43:49,586 | INFO | overnight_sweep | wrote /LAB/swiss_no_th/swiss-knife-no-threshold/Swiss-Knife/runs/overnight_sweep/tribunal_inputs/gsi_swiss_no_th__beta2.1250_temp15.0000.jsonl (79 records)
2026-07-13 11:43:49,590 | INFO | overnight_sweep | wrote /LAB/swiss_no_th/swiss-knife-no-threshold/Swiss-Knife/runs/overnight_sweep/tribunal_inputs/gsi_elo_no_th__beta2.1250_temp15.0000.jsonl (79 records)
2026-07-13 11:43:49,594 | INFO | overnight_sweep | wrote /LAB/swiss_no_th/swiss-knife-no-threshold/Swiss-Knife/runs/overnight_sweep/tribunal_inputs/gsi_elo_no_match__beta2.1250_temp15.0000.jsonl (77 records)
2026-07-13 11:43:49,598 | INFO | overnight_sweep | wrote /LAB/swiss_no_th/swiss-knife-no-threshold/Swiss-Knife/runs/overnight_sweep/tribunal_inputs/gsi_swiss_no_match__beta2.1250_temp15.0000.jsonl (78 records)
2026-07-13 11:43:49,603 | INFO | overnight_sweep | wrote /LAB/swiss_no_th/swiss-knife-no-threshold/Swiss-Knife/runs/overnight_sweep/tribunal_inputs/gsi_softmax_no_th__beta2.5000_temp10.0000.jsonl (100 records)
2026-07-13 11:43:49,606 | INFO | overnight_sweep | wrote /LAB/swiss_no_th/swiss-knife-no-threshold/Swiss-Knife/runs/overnight_sweep/tribunal_inputs/gsi_swiss_no_th__beta2.5000_temp10.0000.jsonl (77 records)
2026-07-13 11:43:49,610 | INFO | overnight_sweep | wrote /LAB/swiss_no_th/swiss-knife-no-threshold/Swiss-Knife/runs/overnight_sweep/tribunal_inputs/gsi_elo_no_th__beta2.5000_temp10.0000.jsonl (79 records)
2026-07-13 11:43:49,614 | INFO | overnight_sweep | wrote /LAB/swiss_no_th/swiss-knife-no-threshold/Swiss-Knife/runs/overnight_sweep/tribunal_inputs/gsi_elo_no_match__beta2.5000_temp10.0000.jsonl (80 records)
2026-07-13 11:43:49,618 | INFO | overnight_sweep | wrote /LAB/swiss_no_th/swiss-knife-no-threshold/Swiss-Knife/runs/overnight_sweep/tribunal_inputs/gsi_swiss_no_match__beta2.5000_temp10.0000.jsonl (79 records)
2026-07-13 11:43:49,623 | INFO | overnight_sweep | wrote /LAB/swiss_no_th/swiss-knife-no-threshold/Swiss-Knife/runs/overnight_sweep/tribunal_inputs/gsi_softmax_no_th__beta2.5000_temp11.2500.jsonl (100 records)
2026-07-13 11:43:49,627 | INFO | overnight_sweep | wrote /LAB/swiss_no_th/swiss-knife-no-threshold/Swiss-Knife/runs/overnight_sweep/tribunal_inputs/gsi_swiss_no_th__beta2.5000_temp11.2500.jsonl (77 records)
2026-07-13 11:43:49,630 | INFO | overnight_sweep | wrote /LAB/swiss_no_th/swiss-knife-no-threshold/Swiss-Knife/runs/overnight_sweep/tribunal_inputs/gsi_elo_no_th__beta2.5000_temp11.2500.jsonl (78 records)
2026-07-13 11:43:49,634 | INFO | overnight_sweep | wrote /LAB/swiss_no_th/swiss-knife-no-threshold/Swiss-Knife/runs/overnight_sweep/tribunal_inputs/gsi_elo_no_match__beta2.5000_temp11.2500.jsonl (77 records)
2026-07-13 11:43:49,638 | INFO | overnight_sweep | wrote /LAB/swiss_no_th/swiss-knife-no-threshold/Swiss-Knife/runs/overnight_sweep/tribunal_inputs/gsi_swiss_no_match__beta2.5000_temp11.2500.jsonl (78 records)
2026-07-13 11:43:49,643 | INFO | overnight_sweep | wrote /LAB/swiss_no_th/swiss-knife-no-threshold/Swiss-Knife/runs/overnight_sweep/tribunal_inputs/gsi_softmax_no_th__beta2.5000_temp12.5000.jsonl (100 records)
2026-07-13 11:43:49,646 | INFO | overnight_sweep | wrote /LAB/swiss_no_th/swiss-knife-no-threshold/Swiss-Knife/runs/overnight_sweep/tribunal_inputs/gsi_swiss_no_th__beta2.5000_temp12.5000.jsonl (77 records)
2026-07-13 11:43:49,650 | INFO | overnight_sweep | wrote /LAB/swiss_no_th/swiss-knife-no-threshold/Swiss-Knife/runs/overnight_sweep/tribunal_inputs/gsi_elo_no_th__beta2.5000_temp12.5000.jsonl (78 records)
2026-07-13 11:43:49,654 | INFO | overnight_sweep | wrote /LAB/swiss_no_th/swiss-knife-no-threshold/Swiss-Knife/runs/overnight_sweep/tribunal_inputs/gsi_elo_no_match__beta2.5000_temp12.5000.jsonl (77 records)
2026-07-13 11:43:49,658 | INFO | overnight_sweep | wrote /LAB/swiss_no_th/swiss-knife-no-threshold/Swiss-Knife/runs/overnight_sweep/tribunal_inputs/gsi_swiss_no_match__beta2.5000_temp12.5000.jsonl (77 records)
2026-07-13 11:43:49,663 | INFO | overnight_sweep | wrote /LAB/swiss_no_th/swiss-knife-no-threshold/Swiss-Knife/runs/overnight_sweep/tribunal_inputs/gsi_softmax_no_th__beta2.5000_temp13.7500.jsonl (100 records)
2026-07-13 11:43:49,666 | INFO | overnight_sweep | wrote /LAB/swiss_no_th/swiss-knife-no-threshold/Swiss-Knife/runs/overnight_sweep/tribunal_inputs/gsi_swiss_no_th__beta2.5000_temp13.7500.jsonl (77 records)
2026-07-13 11:43:49,670 | INFO | overnight_sweep | wrote /LAB/swiss_no_th/swiss-knife-no-threshold/Swiss-Knife/runs/overnight_sweep/tribunal_inputs/gsi_elo_no_th__beta2.5000_temp13.7500.jsonl (78 records)
2026-07-13 11:43:49,674 | INFO | overnight_sweep | wrote /LAB/swiss_no_th/swiss-knife-no-threshold/Swiss-Knife/runs/overnight_sweep/tribunal_inputs/gsi_elo_no_match__beta2.5000_temp13.7500.jsonl (78 records)
2026-07-13 11:43:49,678 | INFO | overnight_sweep | wrote /LAB/swiss_no_th/swiss-knife-no-threshold/Swiss-Knife/runs/overnight_sweep/tribunal_inputs/gsi_swiss_no_match__beta2.5000_temp13.7500.jsonl (76 records)
2026-07-13 11:43:49,682 | INFO | overnight_sweep | wrote /LAB/swiss_no_th/swiss-knife-no-threshold/Swiss-Knife/runs/overnight_sweep/tribunal_inputs/gsi_softmax_no_th__beta2.5000_temp15.0000.jsonl (100 records)
2026-07-13 11:43:49,686 | INFO | overnight_sweep | wrote /LAB/swiss_no_th/swiss-knife-no-threshold/Swiss-Knife/runs/overnight_sweep/tribunal_inputs/gsi_swiss_no_th__beta2.5000_temp15.0000.jsonl (77 records)
2026-07-13 11:43:49,690 | INFO | overnight_sweep | wrote /LAB/swiss_no_th/swiss-knife-no-threshold/Swiss-Knife/runs/overnight_sweep/tribunal_inputs/gsi_elo_no_th__beta2.5000_temp15.0000.jsonl (78 records)
2026-07-13 11:43:49,694 | INFO | overnight_sweep | wrote /LAB/swiss_no_th/swiss-knife-no-threshold/Swiss-Knife/runs/overnight_sweep/tribunal_inputs/gsi_elo_no_match__beta2.5000_temp15.0000.jsonl (78 records)
2026-07-13 11:43:49,698 | INFO | overnight_sweep | wrote /LAB/swiss_no_th/swiss-knife-no-threshold/Swiss-Knife/runs/overnight_sweep/tribunal_inputs/gsi_swiss_no_match__beta2.5000_temp15.0000.jsonl (77 records)
2026-07-13 11:43:49,698 | INFO | overnight_sweep | Converted 125/125 expected jsonl files (25 configs x 5 strategies).
2026-07-13 11:43:49,698 | INFO | overnight_sweep | Running tribunal: /LAB/swiss-knife/bin/python -m tribunal.run_eval --input /LAB/swiss_no_th/swiss-knife-no-threshold/Swiss-Knife/runs/overnight_sweep/tribunal_inputs --output /LAB/swiss_no_th/swiss-knife-no-threshold/Swiss-Knife/runs/overnight_sweep/tribunal_results (cwd=/LAB/swiss_no_th/swiss-knife-no-threshold/Swiss-Knife/tribunal)
2026-07-15 04:41:48,654 | INFO | overnight_sweep | Tribunal DONE in 147479.0s (rc=0) — log: /LAB/swiss_no_th/swiss-knife-no-threshold/Swiss-Knife/runs/overnight_sweep/tribunal_results/tribunal_run.log
2026-07-15 04:41:49,054 | INFO | overnight_sweep | Report written to /LAB/swiss_no_th/swiss-knife-no-threshold/Swiss-Knife/runs/overnight_sweep/FINAL_REPORT.md
2026-07-15 04:41:49,054 | INFO | overnight_sweep | Best overall: gsi_swiss_no_match beta=1.0000 temp=12.5000 composite=0.5382
2026-07-15 04:41:49,295 | INFO | matplotlib.font_manager | generated new fontManager
2026-07-15 04:41:57,490 | INFO | overnight_sweep | Wrote 25 per-config plots to /LAB/swiss_no_th/swiss-knife-no-threshold/Swiss-Knife/runs/overnight_sweep/plots/grid
2026-07-15 04:41:58,530 | INFO | overnight_sweep | Wrote unified heatmap to /LAB/swiss_no_th/swiss-knife-no-threshold/Swiss-Knife/runs/overnight_sweep/plots/unified_composite_heatmap.png
2026-07-15 04:41:58,783 | INFO | overnight_sweep | Wrote unified scatter to /LAB/swiss_no_th/swiss-knife-no-threshold/Swiss-Knife/runs/overnight_sweep/plots/unified_safety_vs_quality.png
2026-07-15 04:41:58,783 | INFO | overnight_sweep | ======================================================================
2026-07-15 04:41:58,783 | INFO | overnight_sweep | Overnight sweep finished in 4952.1 min. Report: /LAB/swiss_no_th/swiss-knife-no-threshold/Swiss-Knife/runs/overnight_sweep/FINAL_REPORT.md  Plots: /LAB/swiss_no_th/swiss-knife-no-threshold/Swiss-Knife/runs/overnight_sweep/plots
2026-07-15 04:41:58,783 | INFO | overnight_sweep | ======================================================================
